Arguments: 
  C:\Program Files\nodejs\node.exe C:\Users\benth\scoop\apps\yarn\current\Yarn\bin\yarn.js start

PATH: 
  C:\Users\benth\scoop\apps\yarn\current\Yarn\bin;C:\Users\benth\scoop\apps\yarn\current\bin;C:\Program Files (x86)\Intel\iCLS Client\;C:\Program Files\Intel\iCLS Client\;C:\WINDOWS\system32;C:\WINDOWS;C:\WINDOWS\System32\Wbem;C:\WINDOWS\System32\WindowsPowerShell\v1.0\;C:\Program Files (x86)\Intel\Intel(R) Management Engine Components\DAL;C:\Program Files\Intel\Intel(R) Management Engine Components\DAL;C:\Program Files (x86)\Intel\Intel(R) Management Engine Components\IPT;C:\Program Files\Intel\Intel(R) Management Engine Components\IPT;C:\Program Files\PuTTY\;C:\Program Files\Git\cmd;C:\Program Files\nodejs\;C:\php;C:\Apache24;C:\Apached24\bin;C:\ProgramData\ComposerSetup\bin;C:\Program Files\dotnet\;C:\Program Files\Microsoft SQL Server\130\Tools\Binn\;C:\Users\benth\scoop\apps\ruby\current\gems\bin;C:\Users\benth\scoop\apps\ruby\current\bin;C:\Users\benth\scoop\shims;C:\Users\benth\AppData\Local\Microsoft\WindowsApps;C:\Program Files\Heroku\bin;C:\Users\benth\AppData\Roaming\npm;C:\Program Files (x86)\Microsoft VS Code\bin;C:\Users\benth\AppData\Roaming\Composer\vendor\bin

Yarn version: 
  0.27.5

Node version: 
  8.2.1

Platform: 
  win32 x64

npm manifest: 
  {
    "name": "AwesomeProject",
    "version": "0.1.0",
    "private": true,
    "scripts": {
      "start": "node server.js",
    "devDependencies": {
      "react-native-scripts": "1.5.0"
    }
  }

yarn manifest: 
  No manifest

Lockfile: 
  No lockfile

Trace: 
  SyntaxError: C:\Users\benth\Desktop\Tutorials\React-Native\AwesomeProject\package.json: Unexpected end of JSON input
      at JSON.parse (<anonymous>)
      at C:\Users\benth\scoop\apps\yarn\0.27.5\Yarn\lib\yarn-cli.js:747:57
      at Generator.next (<anonymous>)
      at step (C:\Users\benth\scoop\apps\yarn\0.27.5\Yarn\lib\yarn-cli.js:91:30)
      at C:\Users\benth\scoop\apps\yarn\0.27.5\Yarn\lib\yarn-cli.js:102:13
      at <anonymous>
